<?xml version="1.0" encoding="UTF-8"?>
<testng-results ignored="0" total="1" passed="1" failed="0" skipped="0">
  <reporter-output>
  </reporter-output>
  <suite started-at="2021-09-20T10:55:21 CDT" name="Default suite" finished-at="2021-09-20T10:55:53 CDT" duration-ms="31685">
    <groups>
    </groups>
    <test started-at="2021-09-20T10:55:21 CDT" name="Default test" finished-at="2021-09-20T10:55:53 CDT" duration-ms="31685">
      <class name="selenium_demo1.Selenium_Test">
        <test-method signature="seleniumtest1()[pri:0, instance:selenium_demo1.Selenium_Test@1eb5174b]" started-at="2021-09-20T10:55:21 CDT" name="seleniumtest1" finished-at="2021-09-20T10:55:53 CDT" duration-ms="31638" status="PASS">
          <reporter-output>
          </reporter-output>
        </test-method> <!-- seleniumtest1 -->
        <test-method is-config="true" signature="testdone()[pri:0, instance:selenium_demo1.Selenium_Test@1eb5174b]" started-at="2021-09-20T10:55:53 CDT" name="testdone" finished-at="2021-09-20T10:55:53 CDT" duration-ms="1" status="PASS">
          <reporter-output>
          </reporter-output>
        </test-method> <!-- testdone -->
      </class> <!-- selenium_demo1.Selenium_Test -->
    </test> <!-- Default test -->
  </suite> <!-- Default suite -->
</testng-results>
